0 info it worked if it ends with ok
1 verbose cli [ 'C:\\Program Files\\nodejs\\node.exe',
1 verbose cli   'C:\\Program Files\\nodejs\\node_modules\\npm\\bin\\npm-cli.js',
1 verbose cli   'start' ]
2 info using npm@3.10.10
3 info using node@v6.10.2
4 verbose run-script [ 'prestart', 'start', 'poststart' ]
5 info lifecycle angular-io-example@1.0.0~prestart: angular-io-example@1.0.0
6 verbose lifecycle angular-io-example@1.0.0~prestart: unsafe-perm in lifecycle true
7 verbose lifecycle angular-io-example@1.0.0~prestart: PATH: C:\Program Files\nodejs\node_modules\npm\bin\node-gyp-bin;C:\Users\peter\Desktop\node_modules\.bin;C:\Users\peter\Downloads\cmder_mini\bin;C:\Users\peter\Downloads\cmder_mini\vendor\conemu-maximus5\ConEmu\Scripts;C:\Users\peter\Downloads\cmder_mini\vendor\conemu-maximus5;C:\Users\peter\Downloads\cmder_mini\vendor\conemu-maximus5\ConEmu;C:\Program Files\MongoDB\Server\3.4\bin;C:\Program Files\nodejs\;C:\Windows\System32\;C:\Program Files\Microsoft SQL Server\Client SDK\ODBC\130\Tools\Binn\;C:\Program Files (x86)\Microsoft SQL Server\130\Tools\Binn\;C:\Program Files\Microsoft SQL Server\130\Tools\Binn\;C:\Program Files\Microsoft SQL Server\130\DTS\Binn\;C:\Program Files\Git\cmd;"C:\Program Files\MongoDB\Server\3.4\bin\mongo.exe";C:\Program Files (x86)\Microsoft VS Code\bin;C:\Users\peter\AppData\Roaming\npm;C:\Program Files\Git\usr\bin;C:\Program Files\Git\usr\share\vim\vim74;C:\Users\peter\Downloads\cmder_mini\
8 verbose lifecycle angular-io-example@1.0.0~prestart: CWD: C:\Users\peter\Desktop
9 silly lifecycle angular-io-example@1.0.0~prestart: Args: [ '/d /s /c', 'npm run build' ]
10 silly lifecycle angular-io-example@1.0.0~prestart: Returned: code: 1  signal: null
11 info lifecycle angular-io-example@1.0.0~prestart: Failed to exec prestart script
12 verbose stack Error: angular-io-example@1.0.0 prestart: `npm run build`
12 verbose stack Exit status 1
12 verbose stack     at EventEmitter.<anonymous> (C:\Program Files\nodejs\node_modules\npm\lib\utils\lifecycle.js:255:16)
12 verbose stack     at emitTwo (events.js:106:13)
12 verbose stack     at EventEmitter.emit (events.js:191:7)
12 verbose stack     at ChildProcess.<anonymous> (C:\Program Files\nodejs\node_modules\npm\lib\utils\spawn.js:40:14)
12 verbose stack     at emitTwo (events.js:106:13)
12 verbose stack     at ChildProcess.emit (events.js:191:7)
12 verbose stack     at maybeClose (internal/child_process.js:886:16)
12 verbose stack     at Process.ChildProcess._handle.onexit (internal/child_process.js:226:5)
13 verbose pkgid angular-io-example@1.0.0
14 verbose cwd C:\Users\peter\Desktop\zuzuwang
15 error Windows_NT 10.0.14393
16 error argv "C:\\Program Files\\nodejs\\node.exe" "C:\\Program Files\\nodejs\\node_modules\\npm\\bin\\npm-cli.js" "start"
17 error node v6.10.2
18 error npm  v3.10.10
19 error code ELIFECYCLE
20 error angular-io-example@1.0.0 prestart: `npm run build`
20 error Exit status 1
21 error Failed at the angular-io-example@1.0.0 prestart script 'npm run build'.
21 error Make sure you have the latest version of node.js and npm installed.
21 error If you do, this is most likely a problem with the angular-io-example package,
21 error not with npm itself.
21 error Tell the author that this fails on your system:
21 error     npm run build
21 error You can get information on how to open an issue for this project with:
21 error     npm bugs angular-io-example
21 error Or if that isn't available, you can get their info via:
21 error     npm owner ls angular-io-example
21 error There is likely additional logging output above.
22 verbose exit [ 1, true ]
